0 info it worked if it ends with ok
1 verbose cli [ 'g:\\PF\\nodejs\\node.exe',
1 verbose cli   'g:\\PF\\nodejs\\node_modules\\npm\\bin\\npm-cli.js',
1 verbose cli   'install',
1 verbose cli   'twig.js' ]
2 info using npm@1.4.28
3 info using node@v0.10.33
4 verbose cache add [ 'twig.js', null ]
5 verbose cache add name=undefined spec="twig.js" args=["twig.js",null]
6 verbose parsed url { protocol: null,
6 verbose parsed url   slashes: null,
6 verbose parsed url   auth: null,
6 verbose parsed url   host: null,
6 verbose parsed url   port: null,
6 verbose parsed url   hostname: null,
6 verbose parsed url   hash: null,
6 verbose parsed url   search: null,
6 verbose parsed url   query: null,
6 verbose parsed url   pathname: 'twig.js',
6 verbose parsed url   path: 'twig.js',
6 verbose parsed url   href: 'twig.js' }
7 silly lockFile a7f09bd9-twig-js twig.js
8 verbose lock twig.js C:\Users\ZMac\AppData\Roaming\npm-cache\a7f09bd9-twig-js.lock
9 silly lockFile a7f09bd9-twig-js twig.js
10 silly lockFile a7f09bd9-twig-js twig.js
11 verbose addNamed [ 'twig.js', '' ]
12 verbose addNamed [ null, '*' ]
13 silly lockFile d0f558af-twig-js twig.js@
14 verbose lock twig.js@ C:\Users\ZMac\AppData\Roaming\npm-cache\d0f558af-twig-js.lock
15 silly addNameRange { name: 'twig.js', range: '*', hasData: false }
16 verbose request where is /twig.js
17 verbose request registry https://registry.npmjs.org/
18 verbose request id 63fafdb6b02464b9
19 verbose url raw /twig.js
20 verbose url resolving [ 'https://registry.npmjs.org/', './twig.js' ]
21 verbose url resolved https://registry.npmjs.org/twig.js
22 verbose request where is https://registry.npmjs.org/twig.js
23 info trying registry request attempt 1 at 01:31:57
24 http GET https://registry.npmjs.org/twig.js
25 http 404 https://registry.npmjs.org/twig.js
26 verbose headers { date: 'Sun, 08 Feb 2015 15:01:58 GMT',
26 verbose headers   server: 'CouchDB/1.5.0 (Erlang OTP/R16B03)',
26 verbose headers   'content-type': 'application/json',
26 verbose headers   'cache-control': 'max-age=0',
26 verbose headers   'content-length': '52',
26 verbose headers   'accept-ranges': 'bytes',
26 verbose headers   via: '1.1 varnish',
26 verbose headers   age: '0',
26 verbose headers   'x-served-by': 'cache-syd1621-SYD',
26 verbose headers   'x-cache': 'MISS',
26 verbose headers   'x-cache-hits': '0',
26 verbose headers   'x-timer': 'S1423407717.773883,VS0,VE976',
26 verbose headers   'keep-alive': 'timeout=10, max=50',
26 verbose headers   connection: 'Keep-Alive' }
27 silly registry.get cb [ 404,
27 silly registry.get   { date: 'Sun, 08 Feb 2015 15:01:58 GMT',
27 silly registry.get     server: 'CouchDB/1.5.0 (Erlang OTP/R16B03)',
27 silly registry.get     'content-type': 'application/json',
27 silly registry.get     'cache-control': 'max-age=0',
27 silly registry.get     'content-length': '52',
27 silly registry.get     'accept-ranges': 'bytes',
27 silly registry.get     via: '1.1 varnish',
27 silly registry.get     age: '0',
27 silly registry.get     'x-served-by': 'cache-syd1621-SYD',
27 silly registry.get     'x-cache': 'MISS',
27 silly registry.get     'x-cache-hits': '0',
27 silly registry.get     'x-timer': 'S1423407717.773883,VS0,VE976',
27 silly registry.get     'keep-alive': 'timeout=10, max=50',
27 silly registry.get     connection: 'Keep-Alive' } ]
28 silly lockFile d0f558af-twig-js twig.js@
29 silly lockFile d0f558af-twig-js twig.js@
30 error 404 404 Not Found: twig.js
30 error 404
30 error 404 'twig.js' is not in the npm registry.
30 error 404 You should bug the author to publish it
30 error 404
30 error 404 Maybe try 'npm search twig'
30 error 404
30 error 404 Note that you can also install from a
30 error 404 tarball, folder, or http url, or git url.
31 error System Windows_NT 6.1.7601
32 error command "g:\\PF\\nodejs\\node.exe" "g:\\PF\\nodejs\\node_modules\\npm\\bin\\npm-cli.js" "install" "twig.js"
33 error cwd g:\dev\GitHub\pinterest-post-image
34 error node -v v0.10.33
35 error npm -v 1.4.28
36 error code E404
37 verbose exit [ 1, true ]
